c:\users\stuwu\dev\terrainexplorer\terrainexplorer\x64\debug\vc142.pdb
c:\users\stuwu\dev\terrainexplorer\terrainexplorer\x64\debug\vc142.idb
c:\users\stuwu\dev\terrainexplorer\terrainexplorer\x64\debug\worldmanager.obj
c:\users\stuwu\dev\terrainexplorer\terrainexplorer\x64\debug\meshgenerator.obj
c:\users\stuwu\dev\terrainexplorer\terrainexplorer\x64\debug\chunk.obj
c:\users\stuwu\dev\terrainexplorer\terrainexplorer\x64\debug\blockassetmanager.obj
c:\users\stuwu\dev\terrainexplorer\terrainexplorer\x64\debug\matrix.obj
c:\users\stuwu\dev\terrainexplorer\terrainexplorer\x64\debug\shader.obj
c:\users\stuwu\dev\terrainexplorer\terrainexplorer\x64\debug\renderer.obj
c:\users\stuwu\dev\terrainexplorer\terrainexplorer\x64\debug\mesh.obj
c:\users\stuwu\dev\terrainexplorer\terrainexplorer\x64\debug\camera.obj
c:\users\stuwu\dev\terrainexplorer\terrainexplorer\x64\debug\application.obj
c:\users\stuwu\dev\terrainexplorer\terrainexplorer\x64\debug\main.obj
c:\users\stuwu\dev\terrainexplorer\terrainexplorer\x64\debug\glad.obj
c:\users\stuwu\dev\terrainexplorer\x64\debug\terrainexplorer.exe
c:\users\stuwu\dev\terrainexplorer\x64\debug\terrainexplorer.ilk
c:\users\stuwu\dev\terrainexplorer\x64\debug\terrainexplorer.pdb
c:\users\stuwu\dev\terrainexplorer\terrainexplorer\x64\debug\terrainexplorer.tlog\cl.command.1.tlog
c:\users\stuwu\dev\terrainexplorer\terrainexplorer\x64\debug\terrainexplorer.tlog\cl.read.1.tlog
c:\users\stuwu\dev\terrainexplorer\terrainexplorer\x64\debug\terrainexplorer.tlog\cl.write.1.tlog
c:\users\stuwu\dev\terrainexplorer\terrainexplorer\x64\debug\terrainexplorer.tlog\link.command.1.tlog
c:\users\stuwu\dev\terrainexplorer\terrainexplorer\x64\debug\terrainexplorer.tlog\link.read.1.tlog
c:\users\stuwu\dev\terrainexplorer\terrainexplorer\x64\debug\terrainexplorer.tlog\link.write.1.tlog
